# JRE version: OpenJDK Runtime Environment (17.0.7) (build 17.0.7+0-b2043.56-10550314)
# Java VM: OpenJDK 64-Bit Server VM (17.0.7+0-b2043.56-10550314, mixed mode, tiered, compressed oops, compressed class ptrs, g1 gc, windows-amd64)
GC Precious Log:
 CPUs: 4 total, 4 available
 Memory: 12173M
 Large Page Support: Disabled
 NUMA Support: Disabled
 Compressed Oops: Enabled (Zero based)
 Heap Region Size: 2M
 Heap Min Capacity: 8M
 Heap Initial Capacity: 192M
 Heap Max Capacity: 3044M
 Pre-touch: Disabled
 Parallel Workers: 4
 Concurrent Workers: 1
 Concurrent Refinement Workers: 4
 Periodic GC: Disabled
Heap:
 garbage-first heap   total 65536K, used 34537K [0x0000000741c00000, 0x0000000800000000)
  region size 2048K, 2 young (4096K), 1 survivors (2048K)
 Metaspace       used 52503K, committed 52736K, reserved 1114112K
  class space    used 6304K, committed 6400K, reserved 1048576K
GC Heap History (20 events):
Event: 4.519 GC heap before
{Heap before GC invocations=6 (full 0):
 garbage-first heap   total 51200K, used 34078K [0x0000000741c00000, 0x0000000800000000)
  region size 2048K, 9 young (18432K), 2 survivors (4096K)
 Metaspace       used 34008K, committed 34240K, reserved 1114112K
  class space    used 4314K, committed 4416K, reserved 1048576K
}
Event: 4.530 GC heap after
{Heap after GC invocations=7 (full 0):
 garbage-first heap   total 51200K, used 22017K [0x0000000741c00000, 0x0000000800000000)
  region size 2048K, 1 young (2048K), 1 survivors (2048K)
 Metaspace       used 34008K, committed 34240K, reserved 1114112K
  class space    used 4314K, committed 4416K, reserved 1048576K
}
Event: 4.782 GC heap before
{Heap before GC invocations=7 (full 0):
 garbage-first heap   total 51200K, used 32257K [0x0000000741c00000, 0x0000000800000000)
  region size 2048K, 7 young (14336K), 1 survivors (2048K)
 Metaspace       used 35847K, committed 36096K, reserved 1114112K
  class space    used 4523K, committed 4608K, reserved 1048576K
}
Event: 4.786 GC heap after
{Heap after GC invocations=8 (full 0):
 garbage-first heap   total 51200K, used 20992K [0x0000000741c00000, 0x0000000800000000)
  region size 2048K, 1 young (2048K), 1 survivors (2048K)
 Metaspace       used 35847K, committed 36096K, reserved 1114112K
  class space    used 4523K, committed 4608K, reserved 1048576K
}
Event: 5.122 GC heap before
{Heap before GC invocations=9 (full 0):
 garbage-first heap   total 51200K, used 35328K [0x0000000741c00000, 0x0000000800000000)
  region size 2048K, 8 young (16384K), 1 survivors (2048K)
 Metaspace       used 38522K, committed 38784K, reserved 1114112K
  class space    used 4797K, committed 4928K, reserved 1048576K
}
Event: 5.127 GC heap after
{Heap after GC invocations=10 (full 0):
 garbage-first heap   total 51200K, used 22804K [0x0000000741c00000, 0x0000000800000000)
  region size 2048K, 1 young (2048K), 1 survivors (2048K)
 Metaspace       used 38522K, committed 38784K, reserved 1114112K
  class space    used 4797K, committed 4928K, reserved 1048576K
}
Event: 5.173 GC heap before
{Heap before GC invocations=10 (full 0):
 garbage-first heap   total 51200K, used 24852K [0x0000000741c00000, 0x0000000800000000)
  region size 2048K, 2 young (4096K), 1 survivors (2048K)
 Metaspace       used 39017K, committed 39232K, reserved 1114112K
  class space    used 4825K, committed 4928K, reserved 1048576K
}
Event: 5.181 GC heap after
{Heap after GC invocations=11 (full 0):
 garbage-first heap   total 63488K, used 22103K [0x0000000741c00000, 0x0000000800000000)
  region size 2048K, 1 young (2048K), 1 survivors (2048K)
 Metaspace       used 39017K, committed 39232K, reserved 1114112K
  class space    used 4825K, committed 4928K, reserved 1048576K
}
Event: 5.804 GC heap before
{Heap before GC invocations=11 (full 0):
 garbage-first heap   total 63488K, used 42583K [0x0000000741c00000, 0x0000000800000000)
  region size 2048K, 11 young (22528K), 1 survivors (2048K)
 Metaspace       used 43858K, committed 44160K, reserved 1114112K
  class space    used 5302K, committed 5440K, reserved 1048576K
}
Event: 5.810 GC heap after
{Heap after GC invocations=12 (full 0):
 garbage-first heap   total 63488K, used 23687K [0x0000000741c00000, 0x0000000800000000)
  region size 2048K, 1 young (2048K), 1 survivors (2048K)
 Metaspace       used 43858K, committed 44160K, reserved 1114112K
  class space    used 5302K, committed 5440K, reserved 1048576K
}
Event: 6.971 GC heap before
{Heap before GC invocations=12 (full 0):
 garbage-first heap   total 63488K, used 46215K [0x0000000741c00000, 0x0000000800000000)
  region size 2048K, 11 young (22528K), 1 survivors (2048K)
 Metaspace       used 48117K, committed 48320K, reserved 1114112K
  class space    used 5825K, committed 5952K, reserved 1048576K
}
Event: 6.981 GC heap after
{Heap after GC invocations=13 (full 0):
 garbage-first heap   total 63488K, used 28488K [0x0000000741c00000, 0x0000000800000000)
  region size 2048K, 2 young (4096K), 2 survivors (4096K)
 Metaspace       used 48117K, committed 48320K, reserved 1114112K
  class space    used 5825K, committed 5952K, reserved 1048576K
}
Event: 7.474 GC heap before
{Heap before GC invocations=13 (full 0):
 garbage-first heap   total 63488K, used 46920K [0x0000000741c00000, 0x0000000800000000)
  region size 2048K, 11 young (22528K), 2 survivors (4096K)
 Metaspace       used 51247K, committed 51456K, reserved 1114112K
  class space    used 6173K, committed 6272K, reserved 1048576K
}
Event: 7.488 GC heap after
{Heap after GC invocations=14 (full 0):
 garbage-first heap   total 63488K, used 31588K [0x0000000741c00000, 0x0000000800000000)
  region size 2048K, 2 young (4096K), 2 survivors (4096K)
 Metaspace       used 51247K, committed 51456K, reserved 1114112K
  class space    used 6173K, committed 6272K, reserved 1048576K
}
Event: 7.640 GC heap before
{Heap before GC invocations=14 (full 0):
 garbage-first heap   total 63488K, used 45924K [0x0000000741c00000, 0x0000000800000000)
  region size 2048K, 9 young (18432K), 2 survivors (4096K)
 Metaspace       used 51673K, committed 51904K, reserved 1114112K
  class space    used 6210K, committed 6336K, reserved 1048576K
}
Event: 7.652 GC heap after
{Heap after GC invocations=15 (full 0):
 garbage-first heap   total 63488K, used 35496K [0x0000000741c00000, 0x0000000800000000)
  region size 2048K, 2 young (4096K), 2 survivors (4096K)
 Metaspace       used 51673K, committed 51904K, reserved 1114112K
  class space    used 6210K, committed 6336K, reserved 1048576K
}
Event: 7.829 GC heap before
{Heap before GC invocations=16 (full 0):
 garbage-first heap   total 65536K, used 45736K [0x0000000741c00000, 0x0000000800000000)
  region size 2048K, 7 young (14336K), 2 survivors (4096K)
 Metaspace       used 51673K, committed 51904K, reserved 1114112K
  class space    used 6210K, committed 6336K, reserved 1048576K
}
Event: 7.833 GC heap after
{Heap after GC invocations=17 (full 0):
 garbage-first heap   total 65536K, used 34163K [0x0000000741c00000, 0x0000000800000000)
  region size 2048K, 1 young (2048K), 1 survivors (2048K)
 Metaspace       used 51673K, committed 51904K, reserved 1114112K
  class space    used 6210K, committed 6336K, reserved 1048576K
}
Event: 8.739 GC heap before
{Heap before GC invocations=17 (full 0):
 garbage-first heap   total 65536K, used 48499K [0x0000000741c00000, 0x0000000800000000)
  region size 2048K, 8 young (16384K), 1 survivors (2048K)
 Metaspace       used 52176K, committed 52352K, reserved 1114112K
  class space    used 6263K, committed 6336K, reserved 1048576K
}
Event: 8.745 GC heap after
{Heap after GC invocations=18 (full 0):
 garbage-first heap   total 65536K, used 34537K [0x0000000741c00000, 0x0000000800000000)
  region size 2048K, 1 young (2048K), 1 survivors (2048K)
 Metaspace       used 52176K, committed 52352K, reserved 1114112K
  class space    used 6263K, committed 6336K, reserved 1048576K
}

